2025-07-16 22:46:24,195 - INFO - === Начало работы скрипта ===
2025-07-16 22:46:24,196 - INFO - UnifiedServerUpdater успешно инициализирован
2025-07-16 22:46:24,197 - INFO - Запуск процесса обновления
2025-07-16 22:46:24,197 - INFO - Начало пошагового обновления серверов
2025-07-16 22:46:24,198 - INFO - Итерация 1
2025-07-16 22:46:24,198 - INFO - Получение состояния всех узлов с Centrum
2025-07-16 22:46:24,198 - INFO - Попытка 1 из 3
2025-07-16 22:46:28,249 - INFO - Парсинг завершен. Узлов: 1161, недоступных: 33, успешных: 0, не требующих обновления: 0
2025-07-16 22:46:30,250 - INFO - Попытка 2 из 3
2025-07-16 22:46:33,971 - INFO - Парсинг завершен. Узлов: 1161, недоступных: 33, успешных: 0, не требующих обновления: 0
2025-07-16 22:46:35,972 - INFO - Попытка 3 из 3
2025-07-16 22:46:39,688 - INFO - Парсинг завершен. Узлов: 1161, недоступных: 33, успешных: 0, не требующих обновления: 0
2025-07-16 22:46:39,695 - INFO - Категоризация завершена. work_tp: 1128, error_tp: 0, update_tp: 0, ccm_tp: 0, unzip_tp: 0, no_update_needed_tp: 0
2025-07-16 22:46:39,695 - INFO - Команда выполнена. Всего узлов: 1161, успешных: 0, недоступных: 33, не требующих обновления: 0
2025-07-16 22:46:39,695 - INFO - Поиск серверов RETAIL для обновления
2025-07-16 22:46:39,723 - INFO - Найдено серверов для обновления: 78
2025-07-16 22:46:39,724 - INFO - Итерация 1: обновляем 2 серверов: ['1', '3']
2025-07-16 22:46:39,724 - INFO - Создание файла c:\Users\iakushin.n\Documents\GitHub\Python\ScriptOTIS\CollectionDirecory\Files\server.txt с 2 серверами
2025-07-16 22:46:39,726 - INFO - Файл c:\Users\iakushin.n\Documents\GitHub\Python\ScriptOTIS\CollectionDirecory\Files\server.txt успешно создан
2025-07-16 22:46:39,726 - INFO - Запуск обновления до версии 10.4.15.11
2025-07-16 22:46:39,726 - INFO - Запуск обновления серверов из файла c:\Users\iakushin.n\Documents\GitHub\Python\ScriptOTIS\CollectionDirecory\Files\server.txt до версии 10.4.15.11
2025-07-16 22:46:40,632 - ERROR - Ошибка выполнения команды: java.util.concurrent.ExecutionException: java.lang.NullPointerException

2025-07-16 22:46:40,633 - ERROR - Достигнуто максимальное количество попыток, возвращаем ошибку
2025-07-16 22:46:40,633 - ERROR - Ошибка запуска обновления: {'message': 'java.util.concurrent.ExecutionException: java.lang.NullPointerException\n'}
2025-07-16 22:46:40,634 - ERROR - Обновление завершилось с ошибками
2025-07-16 22:46:40,634 - INFO - === Завершение работы скрипта ===
